

============================== 2023-03-21 19:03:57.406046 | 5c0627ae-1402-4641-b2b7-02d37f958749 ==============================
[0m19:03:57.406046 [info ] [MainThread]: Running with dbt=1.4.5
[0m19:03:57.408655 [debug] [MainThread]: running dbt with arguments {'write_json': True, 'use_colors': True, 'printer_width': 80, 'version_check': True, 'partial_parse': True, 'static_parser': True, 'profiles_dir': 'C:\\Users\\pnavater\\.dbt', 'send_anonymous_usage_stats': True, 'quiet': False, 'no_print': False, 'cache_selected_only': False, 'project_name': 'learn-dbt', 'skip_profile_setup': False, 'which': 'init', 'indirect_selection': 'eager'}
[0m19:03:57.409658 [debug] [MainThread]: Tracking: tracking
[0m19:03:57.410608 [debug] [MainThread]: Sending event: {'category': 'dbt', 'action': 'invocation', 'label': 'start', 'context': [<snowplow_tracker.self_describing_json.SelfDescribingJson object at 0x0000023D4E6D5C08>, <snowplow_tracker.self_describing_json.SelfDescribingJson object at 0x0000023D4E6BFE08>, <snowplow_tracker.self_describing_json.SelfDescribingJson object at 0x0000023D4E6BFD08>]}
[0m19:03:57.412036 [info ] [MainThread]: Creating dbt configuration folder at C:\Users\pnavater\.dbt
[0m19:05:12.066190 [debug] [MainThread]: Starter project path: c:\users\pnavater\appdata\local\programs\python\python37\lib\site-packages\dbt\include\starter_project
[0m19:40:37.354536 [info ] [MainThread]: Profile learndbt written to C:\Users\pnavater\.dbt\profiles.yml using target's profile_template.yml and your supplied values. Run 'dbt debug' to validate the connection.
[0m19:40:37.396010 [info ] [MainThread]: 
Your new dbt project "learndbt" was created!

For more information on how to configure the profiles.yml file,
please consult the dbt documentation here:

  https://docs.getdbt.com/docs/configure-your-profile

One more thing:

Need help? Don't hesitate to reach out to us via GitHub issues or on Slack:

  https://community.getdbt.com/

Happy modeling!

[0m19:40:37.423550 [debug] [MainThread]: Sending event: {'category': 'dbt', 'action': 'invocation', 'label': 'end', 'context': [<snowplow_tracker.self_describing_json.SelfDescribingJson object at 0x0000023D4E6B5108>, <snowplow_tracker.self_describing_json.SelfDescribingJson object at 0x0000023D4E6B7C08>, <snowplow_tracker.self_describing_json.SelfDescribingJson object at 0x0000023D4E6B1548>]}
[0m19:40:37.448740 [debug] [MainThread]: Flushing usage events


============================== 2023-03-21 21:10:04.830068 | c80a1f50-7e97-4d19-9f0f-7f76bc41471b ==============================
[0m21:10:04.830068 [info ] [MainThread]: Running with dbt=1.4.5
[0m21:10:04.834058 [debug] [MainThread]: running dbt with arguments {'write_json': True, 'use_colors': True, 'printer_width': 80, 'version_check': True, 'partial_parse': True, 'static_parser': True, 'profiles_dir': 'C:\\Users\\pnavater\\.dbt', 'send_anonymous_usage_stats': True, 'quiet': False, 'no_print': False, 'cache_selected_only': False, 'config_dir': False, 'which': 'debug', 'indirect_selection': 'eager'}
[0m21:10:04.834058 [debug] [MainThread]: Tracking: tracking
[0m21:10:04.836052 [debug] [MainThread]: Sending event: {'category': 'dbt', 'action': 'invocation', 'label': 'start', 'context': [<snowplow_tracker.self_describing_json.SelfDescribingJson object at 0x000001FC82CDFFC8>, <snowplow_tracker.self_describing_json.SelfDescribingJson object at 0x000001FC82D19248>, <snowplow_tracker.self_describing_json.SelfDescribingJson object at 0x000001FC82D19208>]}
[0m21:10:06.188671 [debug] [MainThread]: Executing "git --help"
[0m21:10:06.924850 [debug] [MainThread]: STDOUT: "b"usage: git [-v | --version] [-h | --help] [-C <path>] [-c <name>=<value>]\n           [--exec-path[=<path>]] [--html-path] [--man-path] [--info-path]\n           [-p | --paginate | -P | --no-pager] [--no-replace-objects] [--bare]\n           [--git-dir=<path>] [--work-tree=<path>] [--namespace=<name>]\n           [--config-env=<name>=<envvar>] <command> [<args>]\n\nThese are common Git commands used in various situations:\n\nstart a working area (see also: git help tutorial)\n   clone     Clone a repository into a new directory\n   init      Create an empty Git repository or reinitialize an existing one\n\nwork on the current change (see also: git help everyday)\n   add       Add file contents to the index\n   mv        Move or rename a file, a directory, or a symlink\n   restore   Restore working tree files\n   rm        Remove files from the working tree and from the index\n\nexamine the history and state (see also: git help revisions)\n   bisect    Use binary search to find the commit that introduced a bug\n   diff      Show changes between commits, commit and working tree, etc\n   grep      Print lines matching a pattern\n   log       Show commit logs\n   show      Show various types of objects\n   status    Show the working tree status\n\ngrow, mark and tweak your common history\n   branch    List, create, or delete branches\n   commit    Record changes to the repository\n   merge     Join two or more development histories together\n   rebase    Reapply commits on top of another base tip\n   reset     Reset current HEAD to the specified state\n   switch    Switch branches\n   tag       Create, list, delete or verify a tag object signed with GPG\n\ncollaborate (see also: git help workflows)\n   fetch     Download objects and refs from another repository\n   pull      Fetch from and integrate with another repository or a local branch\n   push      Update remote refs along with associated objects\n\n'git help -a' and 'git help -g' list available subcommands and some\nconcept guides. See 'git help <command>' or 'git help <concept>'\nto read about a specific subcommand or concept.\nSee 'git help git' for an overview of the system.\n""
[0m21:10:06.925581 [debug] [MainThread]: STDERR: "b''"
[0m21:10:06.933930 [debug] [MainThread]: Acquiring new snowflake connection 'debug'
[0m21:10:06.935889 [debug] [MainThread]: Using snowflake connection "debug"
[0m21:10:06.935889 [debug] [MainThread]: On debug: select 1 as id
[0m21:10:06.936919 [debug] [MainThread]: Opening a new connection, currently in state init
[0m21:10:08.995452 [debug] [MainThread]: SQL status: SUCCESS 1 in 2 seconds
[0m21:10:08.999482 [debug] [MainThread]: On debug: Close
[0m21:10:09.154563 [debug] [MainThread]: Sending event: {'category': 'dbt', 'action': 'invocation', 'label': 'end', 'context': [<snowplow_tracker.self_describing_json.SelfDescribingJson object at 0x000001FC82D19AC8>, <snowplow_tracker.self_describing_json.SelfDescribingJson object at 0x000001FC82D19EC8>, <snowplow_tracker.self_describing_json.SelfDescribingJson object at 0x000001FC82D19F48>]}
[0m21:10:09.155855 [debug] [MainThread]: Flushing usage events
[0m21:10:09.780319 [debug] [MainThread]: Connection 'debug' was properly closed.


============================== 2023-03-21 21:10:57.535640 | 7bc08c5a-316d-4eb2-b6be-ffe430a94bc0 ==============================
[0m21:10:57.535640 [info ] [MainThread]: Running with dbt=1.4.5
[0m21:10:57.537769 [debug] [MainThread]: running dbt with arguments {'write_json': True, 'use_colors': True, 'printer_width': 80, 'version_check': True, 'partial_parse': True, 'static_parser': True, 'profiles_dir': 'C:\\Users\\pnavater\\.dbt', 'send_anonymous_usage_stats': True, 'quiet': False, 'no_print': False, 'cache_selected_only': False, 'config_dir': False, 'which': 'debug', 'indirect_selection': 'eager'}
[0m21:10:57.537769 [debug] [MainThread]: Tracking: tracking
[0m21:10:57.539584 [debug] [MainThread]: Sending event: {'category': 'dbt', 'action': 'invocation', 'label': 'start', 'context': [<snowplow_tracker.self_describing_json.SelfDescribingJson object at 0x00000177B33CFF08>, <snowplow_tracker.self_describing_json.SelfDescribingJson object at 0x00000177B3409248>, <snowplow_tracker.self_describing_json.SelfDescribingJson object at 0x00000177B3409208>]}
[0m21:10:58.596029 [debug] [MainThread]: Executing "git --help"
[0m21:10:59.294457 [debug] [MainThread]: STDOUT: "b"usage: git [-v | --version] [-h | --help] [-C <path>] [-c <name>=<value>]\n           [--exec-path[=<path>]] [--html-path] [--man-path] [--info-path]\n           [-p | --paginate | -P | --no-pager] [--no-replace-objects] [--bare]\n           [--git-dir=<path>] [--work-tree=<path>] [--namespace=<name>]\n           [--config-env=<name>=<envvar>] <command> [<args>]\n\nThese are common Git commands used in various situations:\n\nstart a working area (see also: git help tutorial)\n   clone     Clone a repository into a new directory\n   init      Create an empty Git repository or reinitialize an existing one\n\nwork on the current change (see also: git help everyday)\n   add       Add file contents to the index\n   mv        Move or rename a file, a directory, or a symlink\n   restore   Restore working tree files\n   rm        Remove files from the working tree and from the index\n\nexamine the history and state (see also: git help revisions)\n   bisect    Use binary search to find the commit that introduced a bug\n   diff      Show changes between commits, commit and working tree, etc\n   grep      Print lines matching a pattern\n   log       Show commit logs\n   show      Show various types of objects\n   status    Show the working tree status\n\ngrow, mark and tweak your common history\n   branch    List, create, or delete branches\n   commit    Record changes to the repository\n   merge     Join two or more development histories together\n   rebase    Reapply commits on top of another base tip\n   reset     Reset current HEAD to the specified state\n   switch    Switch branches\n   tag       Create, list, delete or verify a tag object signed with GPG\n\ncollaborate (see also: git help workflows)\n   fetch     Download objects and refs from another repository\n   pull      Fetch from and integrate with another repository or a local branch\n   push      Update remote refs along with associated objects\n\n'git help -a' and 'git help -g' list available subcommands and some\nconcept guides. See 'git help <command>' or 'git help <concept>'\nto read about a specific subcommand or concept.\nSee 'git help git' for an overview of the system.\n""
[0m21:10:59.295459 [debug] [MainThread]: STDERR: "b''"
[0m21:10:59.310411 [debug] [MainThread]: Acquiring new snowflake connection 'debug'
[0m21:10:59.311408 [debug] [MainThread]: Using snowflake connection "debug"
[0m21:10:59.312406 [debug] [MainThread]: On debug: select 1 as id
[0m21:10:59.312406 [debug] [MainThread]: Opening a new connection, currently in state init
[0m21:11:00.796668 [debug] [MainThread]: SQL status: SUCCESS 1 in 1 seconds
[0m21:11:00.798662 [debug] [MainThread]: On debug: Close
[0m21:11:00.908826 [debug] [MainThread]: Sending event: {'category': 'dbt', 'action': 'invocation', 'label': 'end', 'context': [<snowplow_tracker.self_describing_json.SelfDescribingJson object at 0x00000177B33E8588>, <snowplow_tracker.self_describing_json.SelfDescribingJson object at 0x00000177B34162C8>, <snowplow_tracker.self_describing_json.SelfDescribingJson object at 0x00000177B34160C8>]}
[0m21:11:00.909681 [debug] [MainThread]: Flushing usage events
[0m21:11:01.360300 [debug] [MainThread]: Connection 'debug' was properly closed.


============================== 2023-03-21 21:12:11.483094 | 71d786aa-343f-4970-a4b0-6a142c8d81a3 ==============================
[0m21:12:11.483094 [info ] [MainThread]: Running with dbt=1.4.5
[0m21:12:11.485091 [debug] [MainThread]: running dbt with arguments {'write_json': True, 'use_colors': True, 'printer_width': 80, 'version_check': True, 'partial_parse': True, 'static_parser': True, 'profiles_dir': 'C:\\Users\\pnavater\\.dbt', 'send_anonymous_usage_stats': True, 'quiet': False, 'no_print': False, 'cache_selected_only': False, 'config_dir': False, 'which': 'debug', 'indirect_selection': 'eager'}
[0m21:12:11.485091 [debug] [MainThread]: Tracking: tracking
[0m21:12:11.486445 [debug] [MainThread]: Sending event: {'category': 'dbt', 'action': 'invocation', 'label': 'start', 'context': [<snowplow_tracker.self_describing_json.SelfDescribingJson object at 0x000001CB7F2EF488>, <snowplow_tracker.self_describing_json.SelfDescribingJson object at 0x000001CB7F3243C8>, <snowplow_tracker.self_describing_json.SelfDescribingJson object at 0x000001CB7F324388>]}
[0m21:12:12.446187 [debug] [MainThread]: Executing "git --help"
[0m21:12:13.127616 [debug] [MainThread]: STDOUT: "b"usage: git [-v | --version] [-h | --help] [-C <path>] [-c <name>=<value>]\n           [--exec-path[=<path>]] [--html-path] [--man-path] [--info-path]\n           [-p | --paginate | -P | --no-pager] [--no-replace-objects] [--bare]\n           [--git-dir=<path>] [--work-tree=<path>] [--namespace=<name>]\n           [--config-env=<name>=<envvar>] <command> [<args>]\n\nThese are common Git commands used in various situations:\n\nstart a working area (see also: git help tutorial)\n   clone     Clone a repository into a new directory\n   init      Create an empty Git repository or reinitialize an existing one\n\nwork on the current change (see also: git help everyday)\n   add       Add file contents to the index\n   mv        Move or rename a file, a directory, or a symlink\n   restore   Restore working tree files\n   rm        Remove files from the working tree and from the index\n\nexamine the history and state (see also: git help revisions)\n   bisect    Use binary search to find the commit that introduced a bug\n   diff      Show changes between commits, commit and working tree, etc\n   grep      Print lines matching a pattern\n   log       Show commit logs\n   show      Show various types of objects\n   status    Show the working tree status\n\ngrow, mark and tweak your common history\n   branch    List, create, or delete branches\n   commit    Record changes to the repository\n   merge     Join two or more development histories together\n   rebase    Reapply commits on top of another base tip\n   reset     Reset current HEAD to the specified state\n   switch    Switch branches\n   tag       Create, list, delete or verify a tag object signed with GPG\n\ncollaborate (see also: git help workflows)\n   fetch     Download objects and refs from another repository\n   pull      Fetch from and integrate with another repository or a local branch\n   push      Update remote refs along with associated objects\n\n'git help -a' and 'git help -g' list available subcommands and some\nconcept guides. See 'git help <command>' or 'git help <concept>'\nto read about a specific subcommand or concept.\nSee 'git help git' for an overview of the system.\n""
[0m21:12:13.127616 [debug] [MainThread]: STDERR: "b''"
[0m21:12:13.142791 [debug] [MainThread]: Acquiring new snowflake connection 'debug'
[0m21:12:13.144308 [debug] [MainThread]: Using snowflake connection "debug"
[0m21:12:13.144308 [debug] [MainThread]: On debug: select 1 as id
[0m21:12:13.145299 [debug] [MainThread]: Opening a new connection, currently in state init
[0m21:12:14.724957 [debug] [MainThread]: SQL status: SUCCESS 1 in 2 seconds
[0m21:12:14.726976 [debug] [MainThread]: On debug: Close
[0m21:12:14.841558 [debug] [MainThread]: Sending event: {'category': 'dbt', 'action': 'invocation', 'label': 'end', 'context': [<snowplow_tracker.self_describing_json.SelfDescribingJson object at 0x000001CB7F335508>, <snowplow_tracker.self_describing_json.SelfDescribingJson object at 0x000001CB7F335608>, <snowplow_tracker.self_describing_json.SelfDescribingJson object at 0x000001CB7F335288>]}
[0m21:12:14.842666 [debug] [MainThread]: Flushing usage events
[0m21:12:15.381046 [debug] [MainThread]: Connection 'debug' was properly closed.


============================== 2023-03-21 21:16:31.532657 | b902e4dd-daa8-451b-8b44-2a8efe7935f5 ==============================
[0m21:16:31.532657 [info ] [MainThread]: Running with dbt=1.4.5
[0m21:16:31.534761 [debug] [MainThread]: running dbt with arguments {'write_json': True, 'use_colors': True, 'printer_width': 80, 'version_check': True, 'partial_parse': True, 'static_parser': True, 'profiles_dir': 'C:\\Users\\pnavater\\.dbt', 'send_anonymous_usage_stats': True, 'quiet': False, 'no_print': False, 'cache_selected_only': False, 'config_dir': False, 'which': 'debug', 'indirect_selection': 'eager'}
[0m21:16:31.535645 [debug] [MainThread]: Tracking: tracking
[0m21:16:31.536608 [debug] [MainThread]: Sending event: {'category': 'dbt', 'action': 'invocation', 'label': 'start', 'context': [<snowplow_tracker.self_describing_json.SelfDescribingJson object at 0x0000017CD154DF08>, <snowplow_tracker.self_describing_json.SelfDescribingJson object at 0x0000017CD1567188>, <snowplow_tracker.self_describing_json.SelfDescribingJson object at 0x0000017CD1567148>]}
[0m21:16:32.484813 [debug] [MainThread]: Executing "git --help"
[0m21:16:33.126004 [debug] [MainThread]: STDOUT: "b"usage: git [-v | --version] [-h | --help] [-C <path>] [-c <name>=<value>]\n           [--exec-path[=<path>]] [--html-path] [--man-path] [--info-path]\n           [-p | --paginate | -P | --no-pager] [--no-replace-objects] [--bare]\n           [--git-dir=<path>] [--work-tree=<path>] [--namespace=<name>]\n           [--config-env=<name>=<envvar>] <command> [<args>]\n\nThese are common Git commands used in various situations:\n\nstart a working area (see also: git help tutorial)\n   clone     Clone a repository into a new directory\n   init      Create an empty Git repository or reinitialize an existing one\n\nwork on the current change (see also: git help everyday)\n   add       Add file contents to the index\n   mv        Move or rename a file, a directory, or a symlink\n   restore   Restore working tree files\n   rm        Remove files from the working tree and from the index\n\nexamine the history and state (see also: git help revisions)\n   bisect    Use binary search to find the commit that introduced a bug\n   diff      Show changes between commits, commit and working tree, etc\n   grep      Print lines matching a pattern\n   log       Show commit logs\n   show      Show various types of objects\n   status    Show the working tree status\n\ngrow, mark and tweak your common history\n   branch    List, create, or delete branches\n   commit    Record changes to the repository\n   merge     Join two or more development histories together\n   rebase    Reapply commits on top of another base tip\n   reset     Reset current HEAD to the specified state\n   switch    Switch branches\n   tag       Create, list, delete or verify a tag object signed with GPG\n\ncollaborate (see also: git help workflows)\n   fetch     Download objects and refs from another repository\n   pull      Fetch from and integrate with another repository or a local branch\n   push      Update remote refs along with associated objects\n\n'git help -a' and 'git help -g' list available subcommands and some\nconcept guides. See 'git help <command>' or 'git help <concept>'\nto read about a specific subcommand or concept.\nSee 'git help git' for an overview of the system.\n""
[0m21:16:33.127034 [debug] [MainThread]: STDERR: "b''"
[0m21:16:33.140964 [debug] [MainThread]: Acquiring new snowflake connection 'debug'
[0m21:16:33.142998 [debug] [MainThread]: Using snowflake connection "debug"
[0m21:16:33.142998 [debug] [MainThread]: On debug: select 1 as id
[0m21:16:33.144006 [debug] [MainThread]: Opening a new connection, currently in state init
[0m21:16:34.498921 [debug] [MainThread]: SQL status: SUCCESS 1 in 1 seconds
[0m21:16:34.501912 [debug] [MainThread]: On debug: Close
[0m21:16:34.607967 [debug] [MainThread]: Sending event: {'category': 'dbt', 'action': 'invocation', 'label': 'end', 'context': [<snowplow_tracker.self_describing_json.SelfDescribingJson object at 0x0000017CD1575388>, <snowplow_tracker.self_describing_json.SelfDescribingJson object at 0x0000017CD1575308>, <snowplow_tracker.self_describing_json.SelfDescribingJson object at 0x0000017CD1575088>]}
[0m21:16:34.608916 [debug] [MainThread]: Flushing usage events
[0m21:16:35.124826 [debug] [MainThread]: Connection 'debug' was properly closed.


============================== 2023-03-21 21:17:03.354786 | 4e768504-8d97-45a6-b4df-8be010857aef ==============================
[0m21:17:03.354786 [info ] [MainThread]: Running with dbt=1.4.5
[0m21:17:03.357779 [debug] [MainThread]: running dbt with arguments {'write_json': True, 'use_colors': True, 'printer_width': 80, 'version_check': True, 'partial_parse': True, 'static_parser': True, 'profiles_dir': 'C:\\Users\\pnavater\\.dbt', 'send_anonymous_usage_stats': True, 'quiet': False, 'no_print': False, 'cache_selected_only': False, 'config_dir': False, 'which': 'debug', 'indirect_selection': 'eager'}
[0m21:17:03.358778 [debug] [MainThread]: Tracking: tracking
[0m21:17:03.359771 [debug] [MainThread]: Sending event: {'category': 'dbt', 'action': 'invocation', 'label': 'start', 'context': [<snowplow_tracker.self_describing_json.SelfDescribingJson object at 0x000002361A488088>, <snowplow_tracker.self_describing_json.SelfDescribingJson object at 0x000002361A4A52C8>, <snowplow_tracker.self_describing_json.SelfDescribingJson object at 0x000002361A4A5248>]}
[0m21:17:04.315047 [debug] [MainThread]: Executing "git --help"
[0m21:17:04.951924 [debug] [MainThread]: STDOUT: "b"usage: git [-v | --version] [-h | --help] [-C <path>] [-c <name>=<value>]\n           [--exec-path[=<path>]] [--html-path] [--man-path] [--info-path]\n           [-p | --paginate | -P | --no-pager] [--no-replace-objects] [--bare]\n           [--git-dir=<path>] [--work-tree=<path>] [--namespace=<name>]\n           [--config-env=<name>=<envvar>] <command> [<args>]\n\nThese are common Git commands used in various situations:\n\nstart a working area (see also: git help tutorial)\n   clone     Clone a repository into a new directory\n   init      Create an empty Git repository or reinitialize an existing one\n\nwork on the current change (see also: git help everyday)\n   add       Add file contents to the index\n   mv        Move or rename a file, a directory, or a symlink\n   restore   Restore working tree files\n   rm        Remove files from the working tree and from the index\n\nexamine the history and state (see also: git help revisions)\n   bisect    Use binary search to find the commit that introduced a bug\n   diff      Show changes between commits, commit and working tree, etc\n   grep      Print lines matching a pattern\n   log       Show commit logs\n   show      Show various types of objects\n   status    Show the working tree status\n\ngrow, mark and tweak your common history\n   branch    List, create, or delete branches\n   commit    Record changes to the repository\n   merge     Join two or more development histories together\n   rebase    Reapply commits on top of another base tip\n   reset     Reset current HEAD to the specified state\n   switch    Switch branches\n   tag       Create, list, delete or verify a tag object signed with GPG\n\ncollaborate (see also: git help workflows)\n   fetch     Download objects and refs from another repository\n   pull      Fetch from and integrate with another repository or a local branch\n   push      Update remote refs along with associated objects\n\n'git help -a' and 'git help -g' list available subcommands and some\nconcept guides. See 'git help <command>' or 'git help <concept>'\nto read about a specific subcommand or concept.\nSee 'git help git' for an overview of the system.\n""
[0m21:17:04.951924 [debug] [MainThread]: STDERR: "b''"
[0m21:17:04.964089 [debug] [MainThread]: Acquiring new snowflake connection 'debug'
[0m21:17:04.964890 [debug] [MainThread]: Using snowflake connection "debug"
[0m21:17:04.965851 [debug] [MainThread]: On debug: select 1 as id
[0m21:17:04.965851 [debug] [MainThread]: Opening a new connection, currently in state init
[0m21:17:06.274886 [debug] [MainThread]: SQL status: SUCCESS 1 in 1 seconds
[0m21:17:06.276880 [debug] [MainThread]: On debug: Close
[0m21:17:06.363202 [debug] [MainThread]: Sending event: {'category': 'dbt', 'action': 'invocation', 'label': 'end', 'context': [<snowplow_tracker.self_describing_json.SelfDescribingJson object at 0x000002361A4B5348>, <snowplow_tracker.self_describing_json.SelfDescribingJson object at 0x000002361A4B54C8>, <snowplow_tracker.self_describing_json.SelfDescribingJson object at 0x000002361A4B53C8>]}
[0m21:17:06.365197 [debug] [MainThread]: Flushing usage events
[0m21:17:06.889641 [debug] [MainThread]: Connection 'debug' was properly closed.


============================== 2023-03-21 21:17:33.108420 | 1f293135-c6ad-4eb9-906b-87e99733651f ==============================
[0m21:17:33.108420 [info ] [MainThread]: Running with dbt=1.4.5
[0m21:17:33.110240 [debug] [MainThread]: running dbt with arguments {'write_json': True, 'use_colors': True, 'printer_width': 80, 'version_check': True, 'partial_parse': True, 'static_parser': True, 'profiles_dir': 'C:\\Users\\pnavater\\.dbt', 'send_anonymous_usage_stats': True, 'quiet': False, 'no_print': False, 'cache_selected_only': False, 'config_dir': False, 'which': 'debug', 'indirect_selection': 'eager'}
[0m21:17:33.110972 [debug] [MainThread]: Tracking: tracking
[0m21:17:33.111970 [debug] [MainThread]: Sending event: {'category': 'dbt', 'action': 'invocation', 'label': 'start', 'context': [<snowplow_tracker.self_describing_json.SelfDescribingJson object at 0x0000014A2F730C88>, <snowplow_tracker.self_describing_json.SelfDescribingJson object at 0x0000014A2F74CF48>, <snowplow_tracker.self_describing_json.SelfDescribingJson object at 0x0000014A2F74CF08>]}
[0m21:17:34.115292 [debug] [MainThread]: Executing "git --help"
[0m21:17:34.766404 [debug] [MainThread]: STDOUT: "b"usage: git [-v | --version] [-h | --help] [-C <path>] [-c <name>=<value>]\n           [--exec-path[=<path>]] [--html-path] [--man-path] [--info-path]\n           [-p | --paginate | -P | --no-pager] [--no-replace-objects] [--bare]\n           [--git-dir=<path>] [--work-tree=<path>] [--namespace=<name>]\n           [--config-env=<name>=<envvar>] <command> [<args>]\n\nThese are common Git commands used in various situations:\n\nstart a working area (see also: git help tutorial)\n   clone     Clone a repository into a new directory\n   init      Create an empty Git repository or reinitialize an existing one\n\nwork on the current change (see also: git help everyday)\n   add       Add file contents to the index\n   mv        Move or rename a file, a directory, or a symlink\n   restore   Restore working tree files\n   rm        Remove files from the working tree and from the index\n\nexamine the history and state (see also: git help revisions)\n   bisect    Use binary search to find the commit that introduced a bug\n   diff      Show changes between commits, commit and working tree, etc\n   grep      Print lines matching a pattern\n   log       Show commit logs\n   show      Show various types of objects\n   status    Show the working tree status\n\ngrow, mark and tweak your common history\n   branch    List, create, or delete branches\n   commit    Record changes to the repository\n   merge     Join two or more development histories together\n   rebase    Reapply commits on top of another base tip\n   reset     Reset current HEAD to the specified state\n   switch    Switch branches\n   tag       Create, list, delete or verify a tag object signed with GPG\n\ncollaborate (see also: git help workflows)\n   fetch     Download objects and refs from another repository\n   pull      Fetch from and integrate with another repository or a local branch\n   push      Update remote refs along with associated objects\n\n'git help -a' and 'git help -g' list available subcommands and some\nconcept guides. See 'git help <command>' or 'git help <concept>'\nto read about a specific subcommand or concept.\nSee 'git help git' for an overview of the system.\n""
[0m21:17:34.767367 [debug] [MainThread]: STDERR: "b''"
[0m21:17:34.779474 [debug] [MainThread]: Acquiring new snowflake connection 'debug'
[0m21:17:34.780844 [debug] [MainThread]: Using snowflake connection "debug"
[0m21:17:34.781356 [debug] [MainThread]: On debug: select 1 as id
[0m21:17:34.781356 [debug] [MainThread]: Opening a new connection, currently in state init
[0m21:17:36.995216 [debug] [MainThread]: SQL status: SUCCESS 1 in 2 seconds
[0m21:17:36.996856 [debug] [MainThread]: On debug: Close
[0m21:17:37.094909 [debug] [MainThread]: Sending event: {'category': 'dbt', 'action': 'invocation', 'label': 'end', 'context': [<snowplow_tracker.self_describing_json.SelfDescribingJson object at 0x0000014A2F64BD48>, <snowplow_tracker.self_describing_json.SelfDescribingJson object at 0x0000014A312EC188>, <snowplow_tracker.self_describing_json.SelfDescribingJson object at 0x0000014A31334E08>]}
[0m21:17:37.095905 [debug] [MainThread]: Flushing usage events
[0m21:17:37.657552 [debug] [MainThread]: Connection 'debug' was properly closed.
